<?xml version="1.0" encoding="UTF-8"?>
<coverage generated="1718336347782" clover="3.2.0">
  <project timestamp="1718336347782" name="All files">
    <metrics statements="17" coveredstatements="13" conditionals="4" coveredconditionals="2" methods="2" coveredmethods="2" elements="23" coveredelements="17" complexity="0" loc="17" ncloc="17" packages="1" files="1" classes="1"/>
    <file name="controleEstoque.js" path="C:\Users\thiag\OneDrive\Documentos\Thiago\Facisa\Projetos\GamePlay\assets\js\controleEstoque.js">
      <metrics statements="17" coveredstatements="13" conditionals="4" coveredconditionals="2" methods="2" coveredmethods="2"/>
      <line num="1" count="1" type="cond" truecount="1" falsecount="0"/>
      <line num="2" count="1" type="stmt"/>
      <line num="3" count="1" type="stmt"/>
      <line num="4" count="1" type="cond" truecount="0" falsecount="1"/>
      <line num="5" count="0" type="stmt"/>
      <line num="6" count="0" type="stmt"/>
      <line num="7" count="1" type="stmt"/>
      <line num="8" count="1" type="stmt"/>
      <line num="9" count="1" type="cond" truecount="1" falsecount="0"/>
      <line num="10" count="1" type="stmt"/>
      <line num="11" count="1" type="stmt"/>
      <line num="12" count="1" type="cond" truecount="0" falsecount="1"/>
      <line num="13" count="0" type="stmt"/>
      <line num="14" count="0" type="stmt"/>
      <line num="15" count="1" type="stmt"/>
      <line num="16" count="1" type="stmt"/>
      <line num="17" count="1" type="stmt"/>
    </file>
  </project>
</coverage>
